8
0 "JARE" 5 12780 "JARE" 5 13041
1 "LETICIA" 5 27053 "LETICIA" 5 29053
2 "CESAR" 5 18353 "CESAR" 5 18353
3 "JARE" 5 19548 "JARE" 5 19548
4 "PELUSA" 5 20772 "YOYO" 5 20772
5 "PETE" 2 8400 "PETE" 2 8400
6 "VICTOR" 5 21021 "VICTOR" 5 21021
7 "ALEX" 5 22111 "ALEX" 5 22111
End
8
0 "JARE" 2640 "Mr. Shy" 2389
1 "LETICIA" 6911 "LETICIA" 7155
2 "YOYO" 7012 "YOYO" 7012
3 "CESAR" 6948 "CESAR" 6948
4 "PETE" 4048 "PETE" 4048
5 "VICTOR" 5480 "VICTOR" 5480
6 "NORIA" 3480 "NORIA" 3480
7 "IGUANA" 6000 "IV TEAM" 6000
End
